<?xml version="1.0" encoding="UTF-8"?>
<!-- Generated by org.testng.reporters.JUnitReportReporter -->
<testsuite hostname="AGTWINLAP101" failures="0" tests="1" name="testCases.TC_002_LoginTest" time="6.012" errors="0" timestamp="2024-04-03T08:59:24 IST" skipped="0">
  <testcase classname="testCases.TC_002_LoginTest" name="verify_login" time="6.012"/>
</testsuite> <!-- testCases.TC_002_LoginTest -->
