<?xml version="1.0" encoding="UTF-8"?>
<!-- Generated by org.testng.reporters.JUnitReportReporter -->
<testsuite hostname="PAVAN09FA" failures="0" tests="5" name="testCases.TC_003_LoginDDT" time="38.382" errors="0" timestamp="2023-11-30T07:59:58 IST" skipped="0">
  <testcase classname="testCases.TC_003_LoginDDT" name="verify_loginDDT" time="11.572"/>
  <testcase classname="testCases.TC_003_LoginDDT" name="verify_loginDDT" time="1.843"/>
  <testcase classname="testCases.TC_003_LoginDDT" name="verify_loginDDT" time="2.396"/>
  <testcase classname="testCases.TC_003_LoginDDT" name="verify_loginDDT" time="11.257"/>
  <testcase classname="testCases.TC_003_LoginDDT" name="verify_loginDDT" time="11.314"/>
</testsuite> <!-- testCases.TC_003_LoginDDT -->
