<?xml version="1.0" encoding="UTF-8"?>
<!-- Generated by org.testng.reporters.JUnitReportReporter -->
<testsuite hostname="PAVAN09FA" failures="0" tests="1" name="testCases.TC_006_EndToEndTest" time="41.326" errors="0" timestamp="2023-12-05T12:08:57 IST" skipped="0">
  <testcase classname="testCases.TC_006_EndToEndTest" name="endToendTest" time="41.326"/>
</testsuite> <!-- testCases.TC_006_EndToEndTest -->
