<?xml version="1.0" encoding="UTF-8"?>
<!-- Generated by org.testng.reporters.JUnitReportReporter -->
<testsuite hostname="PAVAN09FA" failures="0" tests="1" name="testCases.TC_005_AddToCartPageTest" time="2.009" errors="0" timestamp="2023-12-05T12:08:57 IST" skipped="0">
  <testcase classname="testCases.TC_005_AddToCartPageTest" name="verify_addToCart" time="2.009"/>
</testsuite> <!-- testCases.TC_005_AddToCartPageTest -->
